<?xml version="1.0" encoding="UTF-8"?>
<testsuite xmlns:xsi="http://www.w3.org/2001/XMLSchema-instance" xsi:noNamespaceSchemaLocation="https://maven.apache.org/surefire/maven-surefire-plugin/xsd/surefire-test-report.xsd" name="org.example.AppTest" time="0.012" tests="1" errors="0" skipped="0" failures="0">
  <properties>
    <property name="java.specification.version" value="17"/>
    <property name="sun.jnu.encoding" value="UTF-8"/>
    <property name="java.class.path" value="/Users/jayantanand/Documents/work/Yb-Proxy-ysql-test/test_session_parameter/target/test-classes:/Users/jayantanand/Documents/work/Yb-Proxy-ysql-test/test_session_parameter/target/classes:/Users/jayantanand/.m2/repository/junit/junit/4.11/junit-4.11.jar:/Users/jayantanand/.m2/repository/org/hamcrest/hamcrest-core/1.3/hamcrest-core-1.3.jar:"/>
    <property name="java.vm.vendor" value="Homebrew"/>
    <property name="sun.arch.data.model" value="64"/>
    <property name="java.vendor.url" value="https://github.com/Homebrew/homebrew-core/issues"/>
    <property name="os.name" value="Mac OS X"/>
    <property name="java.vm.specification.version" value="17"/>
    <property name="sun.java.launcher" value="SUN_STANDARD"/>
    <property name="user.country" value="IN"/>
    <property name="sun.boot.library.path" value="/opt/homebrew/Cellar/openjdk/17.0.2/libexec/openjdk.jdk/Contents/Home/lib"/>
    <property name="sun.java.command" value="/Users/jayantanand/Documents/work/Yb-Proxy-ysql-test/test_session_parameter/target/surefire/surefirebooter13799077432015966090.jar /Users/jayantanand/Documents/work/Yb-Proxy-ysql-test/test_session_parameter/target/surefire 2022-11-15T15-22-26_355-jvmRun1 surefire16744181006599358441tmp surefire_018151608597564215420tmp"/>
    <property name="http.nonProxyHosts" value="local|*.local|169.254/16|*.169.254/16"/>
    <property name="jdk.debug" value="release"/>
    <property name="surefire.test.class.path" value="/Users/jayantanand/Documents/work/Yb-Proxy-ysql-test/test_session_parameter/target/test-classes:/Users/jayantanand/Documents/work/Yb-Proxy-ysql-test/test_session_parameter/target/classes:/Users/jayantanand/.m2/repository/junit/junit/4.11/junit-4.11.jar:/Users/jayantanand/.m2/repository/org/hamcrest/hamcrest-core/1.3/hamcrest-core-1.3.jar:"/>
    <property name="sun.cpu.endian" value="little"/>
    <property name="user.home" value="/Users/jayantanand"/>
    <property name="user.language" value="en"/>
    <property name="java.specification.vendor" value="Oracle Corporation"/>
    <property name="java.version.date" value="2022-01-18"/>
    <property name="java.home" value="/opt/homebrew/Cellar/openjdk/17.0.2/libexec/openjdk.jdk/Contents/Home"/>
    <property name="file.separator" value="/"/>
    <property name="basedir" value="/Users/jayantanand/Documents/work/Yb-Proxy-ysql-test/test_session_parameter"/>
    <property name="java.vm.compressedOopsMode" value="Zero based"/>
    <property name="line.separator" value="&#10;"/>
    <property name="java.specification.name" value="Java Platform API Specification"/>
    <property name="java.vm.specification.vendor" value="Oracle Corporation"/>
    <property name="surefire.real.class.path" value="/Users/jayantanand/Documents/work/Yb-Proxy-ysql-test/test_session_parameter/target/surefire/surefirebooter13799077432015966090.jar"/>
    <property name="sun.management.compiler" value="HotSpot 64-Bit Tiered Compilers"/>
    <property name="ftp.nonProxyHosts" value="local|*.local|169.254/16|*.169.254/16"/>
    <property name="java.runtime.version" value="17.0.2+0"/>
    <property name="user.name" value="jayantanand"/>
    <property name="path.separator" value=":"/>
    <property name="os.version" value="12.0"/>
    <property name="java.runtime.name" value="OpenJDK Runtime Environment"/>
    <property name="file.encoding" value="US-ASCII"/>
    <property name="java.vm.name" value="OpenJDK 64-Bit Server VM"/>
    <property name="java.vendor.version" value="Homebrew"/>
    <property name="localRepository" value="/Users/jayantanand/.m2/repository"/>
    <property name="java.vendor.url.bug" value="https://github.com/Homebrew/homebrew-core/issues"/>
    <property name="java.io.tmpdir" value="/var/folders/wh/p99x50ys4tjdypttx_zcrtr00000gn/T/"/>
    <property name="java.version" value="17.0.2"/>
    <property name="user.dir" value="/Users/jayantanand/Documents/work/Yb-Proxy-ysql-test/test_session_parameter"/>
    <property name="os.arch" value="aarch64"/>
    <property name="java.vm.specification.name" value="Java Virtual Machine Specification"/>
    <property name="native.encoding" value="US-ASCII"/>
    <property name="java.library.path" value="/Users/jayantanand/Library/Java/Extensions:/Library/Java/Extensions:/Network/Library/Java/Extensions:/System/Library/Java/Extensions:/usr/lib/java:."/>
    <property name="java.vm.info" value="mixed mode, sharing"/>
    <property name="java.vendor" value="Homebrew"/>
    <property name="java.vm.version" value="17.0.2+0"/>
    <property name="sun.io.unicode.encoding" value="UnicodeBig"/>
    <property name="socksNonProxyHosts" value="local|*.local|169.254/16|*.169.254/16"/>
    <property name="java.class.version" value="61.0"/>
  </properties>
  <testcase name="shouldAnswerWithTrue" classname="org.example.AppTest" time="0.001"/>
</testsuite>